Detecting Fortran compiler
Running cmake, mode Release (Fortran: gfortran)
-- The Fortran compiler identification is GNU 13.3.0
-- Detecting Fortran compiler ABI info
-- Detecting Fortran compiler ABI info - done
-- Check for working Fortran compiler: /usr/bin/gfortran - skipped
-- Found MPI_Fortran: /usr/lib/x86_64-linux-gnu/libmpi_usempif08.so (found version "3.1") 
-- Found MPI: TRUE (found version "3.1")  
-- Found Doxygen: /usr/bin/doxygen (found version "1.9.8") found components: doxygen dot 
-- Configuring done (2.6s)
-- Generating done (0.0s)
-- Build files have been written to: /workspaces/Codespaces/WQ/build
Running make with 2 cores... Logging to build.log
[  2%] Building Fortran object CMakeFiles/pre_wql3d.dir/common.f90.o
/usr/bin/gfortran  -I/usr/lib/x86_64-linux-gnu/fortran/gfortran-mod-15/openmpi -I/usr/lib/x86_64-linux-gnu/openmpi/lib -ffree-line-length-none -Wno-error=line-truncation -fdefault-real-8 -fdefault-double-8 -O5 -Wuninitialized -c /workspaces/Codespaces/WQ/src/common.f90 -o CMakeFiles/pre_wql3d.dir/common.f90.o
[  4%] Building Fortran object CMakeFiles/pre_wql3d.dir/mpi3dbasic.f90.o
[  6%] Building Fortran object CMakeFiles/waveqlab3d.dir/common.f90.o
/usr/bin/gfortran  -I/usr/lib/x86_64-linux-gnu/fortran/gfortran-mod-15/openmpi -I/usr/lib/x86_64-linux-gnu/openmpi/lib -ffree-line-length-none -Wno-error=line-truncation -fdefault-real-8 -fdefault-double-8 -O5 -Wuninitialized -c /workspaces/Codespaces/WQ/src/common.f90 -o CMakeFiles/waveqlab3d.dir/common.f90.o
/usr/bin/gfortran  -I/usr/lib/x86_64-linux-gnu/fortran/gfortran-mod-15/openmpi -I/usr/lib/x86_64-linux-gnu/openmpi/lib -ffree-line-length-none -Wno-error=line-truncation -fdefault-real-8 -fdefault-double-8 -O5 -Wuninitialized -c /workspaces/Codespaces/WQ/src/mpi3dbasic.f90 -o CMakeFiles/pre_wql3d.dir/mpi3dbasic.f90.o
[  8%] Building Fortran object CMakeFiles/waveqlab3d.dir/mpi3dbasic.f90.o
/usr/bin/gfortran  -I/usr/lib/x86_64-linux-gnu/fortran/gfortran-mod-15/openmpi -I/usr/lib/x86_64-linux-gnu/openmpi/lib -ffree-line-length-none -Wno-error=line-truncation -fdefault-real-8 -fdefault-double-8 -O5 -Wuninitialized -c /workspaces/Codespaces/WQ/src/mpi3dbasic.f90 -o CMakeFiles/waveqlab3d.dir/mpi3dbasic.f90.o
[ 10%] Building Fortran object CMakeFiles/waveqlab3d.dir/initial_stress_condition.f90.o
/usr/bin/gfortran  -I/usr/lib/x86_64-linux-gnu/fortran/gfortran-mod-15/openmpi -I/usr/lib/x86_64-linux-gnu/openmpi/lib -ffree-line-length-none -Wno-error=line-truncation -fdefault-real-8 -fdefault-double-8 -O5 -Wuninitialized -c /workspaces/Codespaces/WQ/src/initial_stress_condition.f90 -o CMakeFiles/waveqlab3d.dir/initial_stress_condition.f90.o
[ 12%] Building Fortran object CMakeFiles/pre_wql3d.dir/metrics.f90.o
/usr/bin/gfortran  -I/usr/lib/x86_64-linux-gnu/fortran/gfortran-mod-15/openmpi -I/usr/lib/x86_64-linux-gnu/openmpi/lib -ffree-line-length-none -Wno-error=line-truncation -fdefault-real-8 -fdefault-double-8 -O5 -Wuninitialized -c /workspaces/Codespaces/WQ/src/metrics.f90 -o CMakeFiles/pre_wql3d.dir/metrics.f90.o
[ 14%] Building Fortran object CMakeFiles/waveqlab3d.dir/metrics.f90.o
/usr/bin/gfortran  -I/usr/lib/x86_64-linux-gnu/fortran/gfortran-mod-15/openmpi -I/usr/lib/x86_64-linux-gnu/openmpi/lib -ffree-line-length-none -Wno-error=line-truncation -fdefault-real-8 -fdefault-double-8 -O5 -Wuninitialized -c /workspaces/Codespaces/WQ/src/metrics.f90 -o CMakeFiles/waveqlab3d.dir/metrics.f90.o
[ 17%] Building Fortran object CMakeFiles/pre_wql3d.dir/mpi3dcomm.f90.o
/usr/bin/gfortran  -I/usr/lib/x86_64-linux-gnu/fortran/gfortran-mod-15/openmpi -I/usr/lib/x86_64-linux-gnu/openmpi/lib -ffree-line-length-none -Wno-error=line-truncation -fdefault-real-8 -fdefault-double-8 -O5 -Wuninitialized -c /workspaces/Codespaces/WQ/src/mpi3dcomm.f90 -o CMakeFiles/pre_wql3d.dir/mpi3dcomm.f90.o
[ 19%] Building Fortran object CMakeFiles/waveqlab3d.dir/withers_tables.f90.o
/usr/bin/gfortran  -I/usr/lib/x86_64-linux-gnu/fortran/gfortran-mod-15/openmpi -I/usr/lib/x86_64-linux-gnu/openmpi/lib -ffree-line-length-none -Wno-error=line-truncation -fdefault-real-8 -fdefault-double-8 -O5 -Wuninitialized -c /workspaces/Codespaces/WQ/src/withers_tables.f90 -o CMakeFiles/waveqlab3d.dir/withers_tables.f90.o
[ 21%] Building Fortran object CMakeFiles/waveqlab3d.dir/mpi3dcomm.f90.o
/usr/bin/gfortran  -I/usr/lib/x86_64-linux-gnu/fortran/gfortran-mod-15/openmpi -I/usr/lib/x86_64-linux-gnu/openmpi/lib -ffree-line-length-none -Wno-error=line-truncation -fdefault-real-8 -fdefault-double-8 -O5 -Wuninitialized -c /workspaces/Codespaces/WQ/src/mpi3dcomm.f90 -o CMakeFiles/waveqlab3d.dir/mpi3dcomm.f90.o
[ 23%] Building Fortran object CMakeFiles/pre_wql3d.dir/mpi3d_interface.f90.o
/usr/bin/gfortran  -I/usr/lib/x86_64-linux-gnu/fortran/gfortran-mod-15/openmpi -I/usr/lib/x86_64-linux-gnu/openmpi/lib -ffree-line-length-none -Wno-error=line-truncation -fdefault-real-8 -fdefault-double-8 -O5 -Wuninitialized -c /workspaces/Codespaces/WQ/src/mpi3d_interface.f90 -o CMakeFiles/pre_wql3d.dir/mpi3d_interface.f90.o
[ 25%] Building Fortran object CMakeFiles/waveqlab3d.dir/mpi3d_interface.f90.o
/usr/bin/gfortran  -I/usr/lib/x86_64-linux-gnu/fortran/gfortran-mod-15/openmpi -I/usr/lib/x86_64-linux-gnu/openmpi/lib -ffree-line-length-none -Wno-error=line-truncation -fdefault-real-8 -fdefault-double-8 -O5 -Wuninitialized -c /workspaces/Codespaces/WQ/src/mpi3d_interface.f90 -o CMakeFiles/waveqlab3d.dir/mpi3d_interface.f90.o
[ 27%] Building Fortran object CMakeFiles/pre_wql3d.dir/mpi3dio.f90.o
/usr/bin/gfortran  -I/usr/lib/x86_64-linux-gnu/fortran/gfortran-mod-15/openmpi -I/usr/lib/x86_64-linux-gnu/openmpi/lib -ffree-line-length-none -Wno-error=line-truncation -fdefault-real-8 -fdefault-double-8 -O5 -Wuninitialized -c /workspaces/Codespaces/WQ/src/mpi3dio.f90 -o CMakeFiles/pre_wql3d.dir/mpi3dio.f90.o
[ 29%] Building Fortran object CMakeFiles/waveqlab3d.dir/mpi3dio.f90.o
/usr/bin/gfortran  -I/usr/lib/x86_64-linux-gnu/fortran/gfortran-mod-15/openmpi -I/usr/lib/x86_64-linux-gnu/openmpi/lib -ffree-line-length-none -Wno-error=line-truncation -fdefault-real-8 -fdefault-double-8 -O5 -Wuninitialized -c /workspaces/Codespaces/WQ/src/mpi3dio.f90 -o CMakeFiles/waveqlab3d.dir/mpi3dio.f90.o
[ 31%] Building Fortran object CMakeFiles/pre_wql3d.dir/datatypes.f90.o
/usr/bin/gfortran  -I/usr/lib/x86_64-linux-gnu/fortran/gfortran-mod-15/openmpi -I/usr/lib/x86_64-linux-gnu/openmpi/lib -ffree-line-length-none -Wno-error=line-truncation -fdefault-real-8 -fdefault-double-8 -O5 -Wuninitialized -c /workspaces/Codespaces/WQ/src/datatypes.f90 -o CMakeFiles/pre_wql3d.dir/datatypes.f90.o
[ 34%] Building Fortran object CMakeFiles/waveqlab3d.dir/datatypes.f90.o
/usr/bin/gfortran  -I/usr/lib/x86_64-linux-gnu/fortran/gfortran-mod-15/openmpi -I/usr/lib/x86_64-linux-gnu/openmpi/lib -ffree-line-length-none -Wno-error=line-truncation -fdefault-real-8 -fdefault-double-8 -O5 -Wuninitialized -c /workspaces/Codespaces/WQ/src/datatypes.f90 -o CMakeFiles/waveqlab3d.dir/datatypes.f90.o
[ 36%] Building Fortran object CMakeFiles/pre_wql3d.dir/grid.f90.o
/usr/bin/gfortran  -I/usr/lib/x86_64-linux-gnu/fortran/gfortran-mod-15/openmpi -I/usr/lib/x86_64-linux-gnu/openmpi/lib -ffree-line-length-none -Wno-error=line-truncation -fdefault-real-8 -fdefault-double-8 -O5 -Wuninitialized -c /workspaces/Codespaces/WQ/src/grid.f90 -o CMakeFiles/pre_wql3d.dir/grid.f90.o
[ 38%] Building Fortran object CMakeFiles/waveqlab3d.dir/mms.f90.o
/usr/bin/gfortran  -I/usr/lib/x86_64-linux-gnu/fortran/gfortran-mod-15/openmpi -I/usr/lib/x86_64-linux-gnu/openmpi/lib -ffree-line-length-none -Wno-error=line-truncation -fdefault-real-8 -fdefault-double-8 -O5 -Wuninitialized -c /workspaces/Codespaces/WQ/src/mms.f90 -o CMakeFiles/waveqlab3d.dir/mms.f90.o
[ 40%] Building Fortran object CMakeFiles/waveqlab3d.dir/fault_output.f90.o
/usr/bin/gfortran  -I/usr/lib/x86_64-linux-gnu/fortran/gfortran-mod-15/openmpi -I/usr/lib/x86_64-linux-gnu/openmpi/lib -ffree-line-length-none -Wno-error=line-truncation -fdefault-real-8 -fdefault-double-8 -O5 -Wuninitialized -c /workspaces/Codespaces/WQ/src/fault_output.f90 -o CMakeFiles/waveqlab3d.dir/fault_output.f90.o
[ 42%] Building Fortran object CMakeFiles/waveqlab3d.dir/Interface_Condition.f90.o
/usr/bin/gfortran  -I/usr/lib/x86_64-linux-gnu/fortran/gfortran-mod-15/openmpi -I/usr/lib/x86_64-linux-gnu/openmpi/lib -ffree-line-length-none -Wno-error=line-truncation -fdefault-real-8 -fdefault-double-8 -O5 -Wuninitialized -c /workspaces/Codespaces/WQ/src/Interface_Condition.f90 -o CMakeFiles/waveqlab3d.dir/Interface_Condition.f90.o
[ 44%] Building Fortran object CMakeFiles/waveqlab3d.dir/JU_xJU_yJU_z6.f90.o
/usr/bin/gfortran  -I/usr/lib/x86_64-linux-gnu/fortran/gfortran-mod-15/openmpi -I/usr/lib/x86_64-linux-gnu/openmpi/lib -ffree-line-length-none -Wno-error=line-truncation -fdefault-real-8 -fdefault-double-8 -O5 -Wuninitialized -c /workspaces/Codespaces/WQ/src/JU_xJU_yJU_z6.f90 -o CMakeFiles/waveqlab3d.dir/JU_xJU_yJU_z6.f90.o
[ 46%] Building Fortran object CMakeFiles/pre_wql3d.dir/preprocessor.f90.o
/usr/bin/gfortran  -I/usr/lib/x86_64-linux-gnu/fortran/gfortran-mod-15/openmpi -I/usr/lib/x86_64-linux-gnu/openmpi/lib -ffree-line-length-none -Wno-error=line-truncation -fdefault-real-8 -fdefault-double-8 -O5 -Wuninitialized -c /workspaces/Codespaces/WQ/src/preprocessor.f90 -o CMakeFiles/pre_wql3d.dir/preprocessor.f90.o
[ 48%] Linking Fortran executable pre_wql3d
/usr/bin/gfortran -ffree-line-length-none -Wno-error=line-truncation -fdefault-real-8 -fdefault-double-8 -O5 -Wuninitialized CMakeFiles/pre_wql3d.dir/common.f90.o CMakeFiles/pre_wql3d.dir/datatypes.f90.o CMakeFiles/pre_wql3d.dir/grid.f90.o CMakeFiles/pre_wql3d.dir/preprocessor.f90.o CMakeFiles/pre_wql3d.dir/metrics.f90.o CMakeFiles/pre_wql3d.dir/mpi3dbasic.f90.o CMakeFiles/pre_wql3d.dir/mpi3dcomm.f90.o CMakeFiles/pre_wql3d.dir/mpi3dio.f90.o CMakeFiles/pre_wql3d.dir/mpi3d_interface.f90.o -o pre_wql3d  /usr/lib/x86_64-linux-gnu/libmpi_usempif08.so /usr/lib/x86_64-linux-gnu/libmpi_usempi_ignore_tkr.so /usr/lib/x86_64-linux-gnu/libmpi_mpifh.so /usr/lib/x86_64-linux-gnu/libmpi.so /usr/lib/x86_64-linux-gnu/libopen-rte.so /usr/lib/x86_64-linux-gnu/libopen-pal.so /usr/lib/x86_64-linux-gnu/libhwloc.so /usr/lib/x86_64-linux-gnu/libevent_core.so /usr/lib/x86_64-linux-gnu/libevent_pthreads.so -lm /usr/lib/x86_64-linux-gnu/libz.so 
[ 48%] Built target pre_wql3d
[ 51%] Building Fortran object CMakeFiles/waveqlab3d.dir/grid.f90.o
/usr/bin/gfortran  -I/usr/lib/x86_64-linux-gnu/fortran/gfortran-mod-15/openmpi -I/usr/lib/x86_64-linux-gnu/openmpi/lib -ffree-line-length-none -Wno-error=line-truncation -fdefault-real-8 -fdefault-double-8 -O5 -Wuninitialized -c /workspaces/Codespaces/WQ/src/grid.f90 -o CMakeFiles/waveqlab3d.dir/grid.f90.o
[ 53%] Building Fortran object CMakeFiles/waveqlab3d.dir/unit_normals.f90.o
/usr/bin/gfortran  -I/usr/lib/x86_64-linux-gnu/fortran/gfortran-mod-15/openmpi -I/usr/lib/x86_64-linux-gnu/openmpi/lib -ffree-line-length-none -Wno-error=line-truncation -fdefault-real-8 -fdefault-double-8 -O5 -Wuninitialized -c /workspaces/Codespaces/WQ/src/unit_normals.f90 -o CMakeFiles/waveqlab3d.dir/unit_normals.f90.o
[ 55%] Building Fortran object CMakeFiles/waveqlab3d.dir/fields.f90.o
/usr/bin/gfortran  -I/usr/lib/x86_64-linux-gnu/fortran/gfortran-mod-15/openmpi -I/usr/lib/x86_64-linux-gnu/openmpi/lib -ffree-line-length-none -Wno-error=line-truncation -fdefault-real-8 -fdefault-double-8 -O5 -Wuninitialized -c /workspaces/Codespaces/WQ/src/fields.f90 -o CMakeFiles/waveqlab3d.dir/fields.f90.o
[ 57%] Building Fortran object CMakeFiles/waveqlab3d.dir/inter_material.f90.o
/usr/bin/gfortran  -I/usr/lib/x86_64-linux-gnu/fortran/gfortran-mod-15/openmpi -I/usr/lib/x86_64-linux-gnu/openmpi/lib -ffree-line-length-none -Wno-error=line-truncation -fdefault-real-8 -fdefault-double-8 -O5 -Wuninitialized -c /workspaces/Codespaces/WQ/src/inter_material.f90 -o CMakeFiles/waveqlab3d.dir/inter_material.f90.o
[ 59%] Building Fortran object CMakeFiles/waveqlab3d.dir/material.f90.o
/usr/bin/gfortran  -I/usr/lib/x86_64-linux-gnu/fortran/gfortran-mod-15/openmpi -I/usr/lib/x86_64-linux-gnu/openmpi/lib -ffree-line-length-none -Wno-error=line-truncation -fdefault-real-8 -fdefault-double-8 -O5 -Wuninitialized -c /workspaces/Codespaces/WQ/src/material.f90 -o CMakeFiles/waveqlab3d.dir/material.f90.o
[ 61%] Building Fortran object CMakeFiles/waveqlab3d.dir/seismogram.f90.o
/usr/bin/gfortran  -I/usr/lib/x86_64-linux-gnu/fortran/gfortran-mod-15/openmpi -I/usr/lib/x86_64-linux-gnu/openmpi/lib -ffree-line-length-none -Wno-error=line-truncation -fdefault-real-8 -fdefault-double-8 -O5 -Wuninitialized -c /workspaces/Codespaces/WQ/src/seismogram.f90 -o CMakeFiles/waveqlab3d.dir/seismogram.f90.o
[ 63%] Building Fortran object CMakeFiles/waveqlab3d.dir/plastic_material.f90.o
/usr/bin/gfortran  -I/usr/lib/x86_64-linux-gnu/fortran/gfortran-mod-15/openmpi -I/usr/lib/x86_64-linux-gnu/openmpi/lib -ffree-line-length-none -Wno-error=line-truncation -fdefault-real-8 -fdefault-double-8 -O5 -Wuninitialized -c /workspaces/Codespaces/WQ/src/plastic_material.f90 -o CMakeFiles/waveqlab3d.dir/plastic_material.f90.o
[ 65%] Building Fortran object CMakeFiles/waveqlab3d.dir/pml.f90.o
/usr/bin/gfortran  -I/usr/lib/x86_64-linux-gnu/fortran/gfortran-mod-15/openmpi -I/usr/lib/x86_64-linux-gnu/openmpi/lib -ffree-line-length-none -Wno-error=line-truncation -fdefault-real-8 -fdefault-double-8 -O5 -Wuninitialized -c /workspaces/Codespaces/WQ/src/pml.f90 -o CMakeFiles/waveqlab3d.dir/pml.f90.o
[ 68%] Building Fortran object CMakeFiles/waveqlab3d.dir/plane_output.f90.o
/usr/bin/gfortran  -I/usr/lib/x86_64-linux-gnu/fortran/gfortran-mod-15/openmpi -I/usr/lib/x86_64-linux-gnu/openmpi/lib -ffree-line-length-none -Wno-error=line-truncation -fdefault-real-8 -fdefault-double-8 -O5 -Wuninitialized -c /workspaces/Codespaces/WQ/src/plane_output.f90 -o CMakeFiles/waveqlab3d.dir/plane_output.f90.o
[ 70%] Building Fortran object CMakeFiles/waveqlab3d.dir/plastic.f90.o
/usr/bin/gfortran  -I/usr/lib/x86_64-linux-gnu/fortran/gfortran-mod-15/openmpi -I/usr/lib/x86_64-linux-gnu/openmpi/lib -ffree-line-length-none -Wno-error=line-truncation -fdefault-real-8 -fdefault-double-8 -O5 -Wuninitialized -c /workspaces/Codespaces/WQ/src/plastic.f90 -o CMakeFiles/waveqlab3d.dir/plastic.f90.o
[ 72%] Building Fortran object CMakeFiles/waveqlab3d.dir/slice_output.f90.o
/usr/bin/gfortran  -I/usr/lib/x86_64-linux-gnu/fortran/gfortran-mod-15/openmpi -I/usr/lib/x86_64-linux-gnu/openmpi/lib -ffree-line-length-none -Wno-error=line-truncation -fdefault-real-8 -fdefault-double-8 -O5 -Wuninitialized -c /workspaces/Codespaces/WQ/src/slice_output.f90 -o CMakeFiles/waveqlab3d.dir/slice_output.f90.o
[ 74%] Building Fortran object CMakeFiles/waveqlab3d.dir/parallel_write.f90.o
/usr/bin/gfortran  -I/usr/lib/x86_64-linux-gnu/fortran/gfortran-mod-15/openmpi -I/usr/lib/x86_64-linux-gnu/openmpi/lib -ffree-line-length-none -Wno-error=line-truncation -fdefault-real-8 -fdefault-double-8 -O5 -Wuninitialized -c /workspaces/Codespaces/WQ/src/parallel_write.f90 -o CMakeFiles/waveqlab3d.dir/parallel_write.f90.o
[ 76%] Building Fortran object CMakeFiles/waveqlab3d.dir/BoundaryConditions.f90.o
/usr/bin/gfortran  -I/usr/lib/x86_64-linux-gnu/fortran/gfortran-mod-15/openmpi -I/usr/lib/x86_64-linux-gnu/openmpi/lib -ffree-line-length-none -Wno-error=line-truncation -fdefault-real-8 -fdefault-double-8 -O5 -Wuninitialized -c /workspaces/Codespaces/WQ/src/BoundaryConditions.f90 -o CMakeFiles/waveqlab3d.dir/BoundaryConditions.f90.o
[ 78%] Building Fortran object CMakeFiles/waveqlab3d.dir/CouplingForcing.f90.o
/usr/bin/gfortran  -I/usr/lib/x86_64-linux-gnu/fortran/gfortran-mod-15/openmpi -I/usr/lib/x86_64-linux-gnu/openmpi/lib -ffree-line-length-none -Wno-error=line-truncation -fdefault-real-8 -fdefault-double-8 -O5 -Wuninitialized -c /workspaces/Codespaces/WQ/src/CouplingForcing.f90 -o CMakeFiles/waveqlab3d.dir/CouplingForcing.f90.o
[ 80%] Building Fortran object CMakeFiles/waveqlab3d.dir/boundary.f90.o
/usr/bin/gfortran  -I/usr/lib/x86_64-linux-gnu/fortran/gfortran-mod-15/openmpi -I/usr/lib/x86_64-linux-gnu/openmpi/lib -ffree-line-length-none -Wno-error=line-truncation -fdefault-real-8 -fdefault-double-8 -O5 -Wuninitialized -c /workspaces/Codespaces/WQ/src/boundary.f90 -o CMakeFiles/waveqlab3d.dir/boundary.f90.o
[ 82%] Building Fortran object CMakeFiles/waveqlab3d.dir/moment_tensor.f90.o
/usr/bin/gfortran  -I/usr/lib/x86_64-linux-gnu/fortran/gfortran-mod-15/openmpi -I/usr/lib/x86_64-linux-gnu/openmpi/lib -ffree-line-length-none -Wno-error=line-truncation -fdefault-real-8 -fdefault-double-8 -O5 -Wuninitialized -c /workspaces/Codespaces/WQ/src/moment_tensor.f90 -o CMakeFiles/waveqlab3d.dir/moment_tensor.f90.o
[ 85%] Building Fortran object CMakeFiles/waveqlab3d.dir/RHS_Interior.f90.o
/usr/bin/gfortran  -I/usr/lib/x86_64-linux-gnu/fortran/gfortran-mod-15/openmpi -I/usr/lib/x86_64-linux-gnu/openmpi/lib -ffree-line-length-none -Wno-error=line-truncation -fdefault-real-8 -fdefault-double-8 -O5 -Wuninitialized -c /workspaces/Codespaces/WQ/src/RHS_Interior.f90 -o CMakeFiles/waveqlab3d.dir/RHS_Interior.f90.o
[ 87%] Building Fortran object CMakeFiles/waveqlab3d.dir/elastic.f90.o
/usr/bin/gfortran  -I/usr/lib/x86_64-linux-gnu/fortran/gfortran-mod-15/openmpi -I/usr/lib/x86_64-linux-gnu/openmpi/lib -ffree-line-length-none -Wno-error=line-truncation -fdefault-real-8 -fdefault-double-8 -O5 -Wuninitialized -c /workspaces/Codespaces/WQ/src/elastic.f90 -o CMakeFiles/waveqlab3d.dir/elastic.f90.o
[ 89%] Building Fortran object CMakeFiles/waveqlab3d.dir/block.f90.o
/usr/bin/gfortran  -I/usr/lib/x86_64-linux-gnu/fortran/gfortran-mod-15/openmpi -I/usr/lib/x86_64-linux-gnu/openmpi/lib -ffree-line-length-none -Wno-error=line-truncation -fdefault-real-8 -fdefault-double-8 -O5 -Wuninitialized -c /workspaces/Codespaces/WQ/src/block.f90 -o CMakeFiles/waveqlab3d.dir/block.f90.o
[ 91%] Building Fortran object CMakeFiles/waveqlab3d.dir/iface.f90.o
/usr/bin/gfortran  -I/usr/lib/x86_64-linux-gnu/fortran/gfortran-mod-15/openmpi -I/usr/lib/x86_64-linux-gnu/openmpi/lib -ffree-line-length-none -Wno-error=line-truncation -fdefault-real-8 -fdefault-double-8 -O5 -Wuninitialized -c /workspaces/Codespaces/WQ/src/iface.f90 -o CMakeFiles/waveqlab3d.dir/iface.f90.o
[ 93%] Building Fortran object CMakeFiles/waveqlab3d.dir/domain.f90.o
/usr/bin/gfortran  -I/usr/lib/x86_64-linux-gnu/fortran/gfortran-mod-15/openmpi -I/usr/lib/x86_64-linux-gnu/openmpi/lib -ffree-line-length-none -Wno-error=line-truncation -fdefault-real-8 -fdefault-double-8 -O5 -Wuninitialized -c /workspaces/Codespaces/WQ/src/domain.f90 -o CMakeFiles/waveqlab3d.dir/domain.f90.o
[ 95%] Building Fortran object CMakeFiles/waveqlab3d.dir/time_step.f90.o
/usr/bin/gfortran  -I/usr/lib/x86_64-linux-gnu/fortran/gfortran-mod-15/openmpi -I/usr/lib/x86_64-linux-gnu/openmpi/lib -ffree-line-length-none -Wno-error=line-truncation -fdefault-real-8 -fdefault-double-8 -O5 -Wuninitialized -c /workspaces/Codespaces/WQ/src/time_step.f90 -o CMakeFiles/waveqlab3d.dir/time_step.f90.o
[ 97%] Building Fortran object CMakeFiles/waveqlab3d.dir/main.f90.o
/usr/bin/gfortran  -I/usr/lib/x86_64-linux-gnu/fortran/gfortran-mod-15/openmpi -I/usr/lib/x86_64-linux-gnu/openmpi/lib -ffree-line-length-none -Wno-error=line-truncation -fdefault-real-8 -fdefault-double-8 -O5 -Wuninitialized -c /workspaces/Codespaces/WQ/src/main.f90 -o CMakeFiles/waveqlab3d.dir/main.f90.o
[100%] Linking Fortran executable waveqlab3d
/usr/bin/gfortran -ffree-line-length-none -Wno-error=line-truncation -fdefault-real-8 -fdefault-double-8 -O5 -Wuninitialized CMakeFiles/waveqlab3d.dir/fault_output.f90.o CMakeFiles/waveqlab3d.dir/iface.f90.o CMakeFiles/waveqlab3d.dir/block.f90.o CMakeFiles/waveqlab3d.dir/boundary.f90.o CMakeFiles/waveqlab3d.dir/common.f90.o CMakeFiles/waveqlab3d.dir/datatypes.f90.o CMakeFiles/waveqlab3d.dir/domain.f90.o CMakeFiles/waveqlab3d.dir/metrics.f90.o CMakeFiles/waveqlab3d.dir/elastic.f90.o CMakeFiles/waveqlab3d.dir/plastic.f90.o CMakeFiles/waveqlab3d.dir/fields.f90.o CMakeFiles/waveqlab3d.dir/grid.f90.o CMakeFiles/waveqlab3d.dir/main.f90.o CMakeFiles/waveqlab3d.dir/material.f90.o CMakeFiles/waveqlab3d.dir/plastic_material.f90.o CMakeFiles/waveqlab3d.dir/pml.f90.o CMakeFiles/waveqlab3d.dir/mpi3dbasic.f90.o CMakeFiles/waveqlab3d.dir/mpi3dcomm.f90.o CMakeFiles/waveqlab3d.dir/mpi3dio.f90.o CMakeFiles/waveqlab3d.dir/mpi3d_interface.f90.o CMakeFiles/waveqlab3d.dir/time_step.f90.o CMakeFiles/waveqlab3d.dir/JU_xJU_yJU_z6.f90.o CMakeFiles/waveqlab3d.dir/RHS_Interior.f90.o CMakeFiles/waveqlab3d.dir/mms.f90.o CMakeFiles/waveqlab3d.dir/BoundaryConditions.f90.o CMakeFiles/waveqlab3d.dir/CouplingForcing.f90.o CMakeFiles/waveqlab3d.dir/Interface_Condition.f90.o CMakeFiles/waveqlab3d.dir/initial_stress_condition.f90.o CMakeFiles/waveqlab3d.dir/inter_material.f90.o CMakeFiles/waveqlab3d.dir/unit_normals.f90.o CMakeFiles/waveqlab3d.dir/seismogram.f90.o CMakeFiles/waveqlab3d.dir/slice_output.f90.o CMakeFiles/waveqlab3d.dir/plane_output.f90.o CMakeFiles/waveqlab3d.dir/parallel_write.f90.o CMakeFiles/waveqlab3d.dir/moment_tensor.f90.o CMakeFiles/waveqlab3d.dir/withers_tables.f90.o -o waveqlab3d  /usr/lib/x86_64-linux-gnu/libmpi_usempif08.so /usr/lib/x86_64-linux-gnu/libmpi_usempi_ignore_tkr.so /usr/lib/x86_64-linux-gnu/libmpi_mpifh.so /usr/lib/x86_64-linux-gnu/libmpi.so /usr/lib/x86_64-linux-gnu/libopen-rte.so /usr/lib/x86_64-linux-gnu/libopen-pal.so /usr/lib/x86_64-linux-gnu/libhwloc.so /usr/lib/x86_64-linux-gnu/libevent_core.so /usr/lib/x86_64-linux-gnu/libevent_pthreads.so -lm /usr/lib/x86_64-linux-gnu/libz.so 
[100%] Built target waveqlab3d
Build completed successfully!
